27-Sep-21 23:11:28 - INFO - User canceled to sign up.
27-Sep-21 23:12:58 - INFO - User 09995555358 logged in.
27-Sep-21 23:12:58 - WARNING - ran of put of some products.
27-Sep-21 23:19:14 - INFO - User 09995555358 logged in.
27-Sep-21 23:19:14 - WARNING - ran of put of some products.
27-Sep-21 23:19:30 - WARNING - ran of put of some products.
27-Sep-21 23:23:07 - ERROR - 2 does not match format %Y/%m/%d
27-Sep-21 23:23:50 - INFO - New product added.
27-Sep-21 23:23:57 - WARNING - ran of put of some products.
27-Sep-21 23:24:26 - ERROR - There isn't any product with barcode 1.
27-Sep-21 23:24:29 - WARNING - ran of put of some products.
27-Sep-21 23:25:05 - INFO - User 09995555358 logged in.
27-Sep-21 23:27:52 - INFO - New mall added.
27-Sep-21 23:27:52 - INFO - A new manager registered.
27-Sep-21 23:28:52 - INFO - New product added.
27-Sep-21 23:29:11 - ERROR - Barcode must be unique.
27-Sep-21 23:30:09 - INFO - New product added.
27-Sep-21 23:30:14 - WARNING - ran of put of some products.
27-Sep-21 23:34:10 - INFO - New mall added.
27-Sep-21 23:34:10 - INFO - A new manager registered.
